<?xml version="1.0" encoding="UTF-8"?>
<testsuite xmlns:xsi="http://www.w3.org/2001/XMLSchema-instance" xsi:schemaLocation="https://maven.apache.org/surefire/maven-surefire-plugin/xsd/surefire-test-report.xsd" name="org.ucll.demo.service.AddPatientTest" time="0.459" tests="131" errors="10" skipped="81" failures="0">
  <properties>
[...]
</properties>
  <testcase name="Given a patient with the social security number &quot;93051822361&quot;, gender &quot;male&quot; and birthdate &quot;1993-05-18&quot;" classname="Scenario: the personal details of an unregistered patient are given" time="0.002"/>
  <testcase name="And on &quot;2000-04-10&quot; the patient had a length of 180 cm and a weight of 75000 gr" classname="Scenario: the personal details of an unregistered patient are given" time="0"/>
  <testcase name="And the patient is not registered" classname="Scenario: the personal details of an unregistered patient are given" time="0">
    <skipped/>
  </testcase>
  <testcase name="When I add the person to the system" classname="Scenario: the personal details of an unregistered patient are given" time="0">
    <skipped/>
  </testcase>
  <testcase name="Then The person is registered on the system" classname="Scenario: the personal details of an unregistered patient are given" time="0">
    <skipped/>
  </testcase>
  <testcase name="And The social security number is shown in the overview" classname="Scenario: the personal details of an unregistered patient are given" time="0">
    <skipped/>
  </testcase>
  <testcase name="Scenario: the personal details of an unregistered patient are given" classname="Scenario: the personal details of an unregistered patient are given" time="0">
    <skipped/>
  </testcase>
  <testcase name="Scenario: the personal details of an unregistered patient are given" classname="Scenario: the personal details of an unregistered patient are given" time="0.008"/>
  <testcase name="Given a patient with the social security number &quot;93051822361&quot;, gender &quot;male&quot; and birthdate &quot;1993-05-18&quot;" classname="| -160 |" time="0"/>
  <testcase name="And on &quot;2000-04-10&quot; the patient had a length of &lt;length&gt; cm and a weight of 65000 gr" classname="| -160 |" time="0">
    <skipped/>
  </testcase>
  <testcase name="When I add the person to the system" classname="| -160 |" time="0">
    <skipped/>
  </testcase>
  <testcase name="Then An error is shown" classname="| -160 |" time="0">
    <skipped/>
  </testcase>
  <testcase name="| -160 |" classname="| -160 |" time="0">
    <skipped/>
  </testcase>
  <testcase name="| -160 |" classname="| -160 |" time="0.011"/>
  <testcase name="Given a patient with the social security number &quot;93051822361&quot;, gender &quot;male&quot; and birthdate &quot;1993-05-18&quot;" classname="| -1 |" time="0"/>
  <testcase name="And on &quot;2000-04-10&quot; the patient had a length of &lt;length&gt; cm and a weight of 65000 gr" classname="| -1 |" time="0">
    <skipped/>
  </testcase>
  <testcase name="When I add the person to the system" classname="| -1 |" time="0">
    <skipped/>
  </testcase>
  <testcase name="Then An error is shown" classname="| -1 |" time="0">
    <skipped/>
  </testcase>
  <testcase name="| -1 |" classname="| -1 |" time="0">
    <skipped/>
  </testcase>
  <testcase name="| -1 |" classname="| -1 |" time="0"/>
  <testcase name="Given a patient with the social security number &quot;93051822361&quot;, gender &quot;male&quot; and birthdate &quot;1993-05-18&quot;" classname="| 25 |" time="0"/>
  <testcase name="And on &quot;2000-04-10&quot; the patient had a length of &lt;length&gt; cm and a weight of 65000 gr" classname="| 25 |" time="0">
    <skipped/>
  </testcase>
  <testcase name="When I add the person to the system" classname="| 25 |" time="0">
    <skipped/>
  </testcase>
  <testcase name="Then An error is shown" classname="| 25 |" time="0">
    <skipped/>
  </testcase>
  <testcase name="| 25 |" classname="| 25 |" time="0">
    <skipped/>
  </testcase>
  <testcase name="| 25 |" classname="| 25 |" time="0.006"/>
  <testcase name="Given a patient with the social security number &quot;93051822361&quot;, gender &quot;male&quot; and birthdate &quot;1993-05-18&quot;" classname="| 301 |" time="0"/>
  <testcase name="And on &quot;2000-04-10&quot; the patient had a length of &lt;length&gt; cm and a weight of 65000 gr" classname="| 301 |" time="0">
    <skipped/>
  </testcase>
  <testcase name="When I add the person to the system" classname="| 301 |" time="0">
    <skipped/>
  </testcase>
  <testcase name="Then An error is shown" classname="| 301 |" time="0">
    <skipped/>
  </testcase>
  <testcase name="| 301 |" classname="| 301 |" time="0">
    <skipped/>
  </testcase>
  <testcase name="| 301 |" classname="| 301 |" time="0.004"/>
  <testcase name="Given a patient with the social security number &quot;93051822361&quot;, gender &quot;male&quot; and birthdate &quot;1993-05-18&quot;" classname="| 390 |" time="0"/>
  <testcase name="And on &quot;2000-04-10&quot; the patient had a length of &lt;length&gt; cm and a weight of 65000 gr" classname="| 390 |" time="0">
    <skipped/>
  </testcase>
  <testcase name="When I add the person to the system" classname="| 390 |" time="0">
    <skipped/>
  </testcase>
  <testcase name="Then An error is shown" classname="| 390 |" time="0">
    <skipped/>
  </testcase>
  <testcase name="| 390 |" classname="| 390 |" time="0">
    <skipped/>
  </testcase>
  <testcase name="| 390 |" classname="| 390 |" time="0.005"/>
  <testcase name="Given a patient with the social security number &quot;93051822361&quot;, gender &quot;male&quot; and birthdate &quot;1993-05-18&quot;" classname="| -1000 |" time="0"/>
  <testcase name="And on &quot;2000-04-10&quot; the patient had a length of 160 cm and a weight of -1000 gr" classname="| -1000 |" time="0">
    <skipped/>
  </testcase>
  <testcase name="When I add the person to the system" classname="| -1000 |" time="0">
    <skipped/>
  </testcase>
  <testcase name="Then An error is shown" classname="| -1000 |" time="0">
    <skipped/>
  </testcase>
  <testcase name="| -1000 |" classname="| -1000 |" time="0">
    <skipped/>
  </testcase>
  <testcase name="| -1000 |" classname="| -1000 |" time="0.006"/>
  <testcase name="Given a patient with the social security number &quot;93051822361&quot;, gender &quot;male&quot; and birthdate &quot;1993-05-18&quot;" classname="| 10000 |" time="0"/>
  <testcase name="And on &quot;2000-04-10&quot; the patient had a length of 160 cm and a weight of 10000 gr" classname="| 10000 |" time="0"/>
  <testcase name="When I add the person to the system" classname="| 10000 |" time="0">
    <skipped/>
  </testcase>
  <testcase name="Then An error is shown" classname="| 10000 |" time="0">
    <skipped/>
  </testcase>
  <testcase name="| 10000 |" classname="| 10000 |" time="0">
    <skipped/>
  </testcase>
  <testcase name="| 10000 |" classname="| 10000 |" time="0.003"/>
  <testcase name="Given a patient with the social security number &quot;93051822361&quot;, gender &quot;male&quot; and birthdate &quot;1993-05-18&quot;" classname="| 701000 |" time="0"/>
  <testcase name="And on &quot;2000-04-10&quot; the patient had a length of 160 cm and a weight of 701000 gr" classname="| 701000 |" time="0"/>
  <testcase name="When I add the person to the system" classname="| 701000 |" time="0">
    <skipped/>
  </testcase>
  <testcase name="Then An error is shown" classname="| 701000 |" time="0">
    <skipped/>
  </testcase>
  <testcase name="| 701000 |" classname="| 701000 |" time="0">
    <skipped/>
  </testcase>
  <testcase name="| 701000 |" classname="| 701000 |" time="0"/>
  <testcase name="Given a patient with the social security number &quot;93051822361&quot;, gender &quot;male&quot; and birthdate &quot;1993-05-18&quot;" classname="| 800000 |" time="0"/>
  <testcase name="And on &quot;2000-04-10&quot; the patient had a length of 160 cm and a weight of 800000 gr" classname="| 800000 |" time="0"/>
  <testcase name="When I add the person to the system" classname="| 800000 |" time="0">
    <skipped/>
  </testcase>
  <testcase name="Then An error is shown" classname="| 800000 |" time="0">
    <skipped/>
  </testcase>
  <testcase name="| 800000 |" classname="| 800000 |" time="0">
    <skipped/>
  </testcase>
  <testcase name="| 800000 |" classname="| 800000 |" time="0.002"/>
  <testcase name="Given a patient with the social security number &quot;93051822361&quot;, gender &quot;ale&quot; and birthdate &quot;1993-05-18&quot;" classname="| &quot;ale&quot; |" time="0.005">
    <error message="No enum constant org.ucll.demo.domain.Gender.ALE" type="java.lang.IllegalArgumentException">java.lang.IllegalArgumentException: No enum constant org.ucll.demo.domain.Gender.ALE
</error>
  </testcase>
  <testcase name="| &quot;ale&quot; |" classname="| &quot;ale&quot; |" time="0.005">
    <error message="No enum constant org.ucll.demo.domain.Gender.ALE" type="java.lang.IllegalArgumentException">java.lang.IllegalArgumentException: No enum constant org.ucll.demo.domain.Gender.ALE
</error>
  </testcase>
  <testcase name="And on &quot;2000-04-10&quot; the patient had a length of 160 cm and a weight of 65000 gr" classname="| &quot;ale&quot; |" time="0">
    <skipped/>
  </testcase>
  <testcase name="When I add the person to the system" classname="| &quot;ale&quot; |" time="0">
    <skipped/>
  </testcase>
  <testcase name="Then An error is shown" classname="| &quot;ale&quot; |" time="0">
    <skipped/>
  </testcase>
  <testcase name="Given a patient with the social security number &quot;93051822361&quot;, gender &quot;emale&quot; and birthdate &quot;1993-05-18&quot;" classname="| &quot;emale&quot; |" time="0">
    <error message="No enum constant org.ucll.demo.domain.Gender.EMALE" type="java.lang.IllegalArgumentException">java.lang.IllegalArgumentException: No enum constant org.ucll.demo.domain.Gender.EMALE
</error>
  </testcase>
  <testcase name="| &quot;emale&quot; |" classname="| &quot;emale&quot; |" time="0.001">
    <error message="No enum constant org.ucll.demo.domain.Gender.EMALE" type="java.lang.IllegalArgumentException">java.lang.IllegalArgumentException: No enum constant org.ucll.demo.domain.Gender.EMALE
</error>
  </testcase>
  <testcase name="And on &quot;2000-04-10&quot; the patient had a length of 160 cm and a weight of 65000 gr" classname="| &quot;emale&quot; |" time="0">
    <skipped/>
  </testcase>
  <testcase name="When I add the person to the system" classname="| &quot;emale&quot; |" time="0">
    <skipped/>
  </testcase>
  <testcase name="Then An error is shown" classname="| &quot;emale&quot; |" time="0">
    <skipped/>
  </testcase>
  <testcase name="Given a patient with the social security number &quot;93051822361&quot;, gender &quot;apache helicopter&quot; and birthdate &quot;1993-05-18&quot;" classname="| &quot;apache helicopter&quot; |" time="0">
    <error message="No enum constant org.ucll.demo.domain.Gender.APACHE HELICOPTER" type="java.lang.IllegalArgumentException">java.lang.IllegalArgumentException: No enum constant org.ucll.demo.domain.Gender.APACHE HELICOPTER
</error>
  </testcase>
  <testcase name="| &quot;apache helicopter&quot; |" classname="| &quot;apache helicopter&quot; |" time="0">
    <error message="No enum constant org.ucll.demo.domain.Gender.APACHE HELICOPTER" type="java.lang.IllegalArgumentException">java.lang.IllegalArgumentException: No enum constant org.ucll.demo.domain.Gender.APACHE HELICOPTER
</error>
  </testcase>
  <testcase name="And on &quot;2000-04-10&quot; the patient had a length of 160 cm and a weight of 65000 gr" classname="| &quot;apache helicopter&quot; |" time="0">
    <skipped/>
  </testcase>
  <testcase name="When I add the person to the system" classname="| &quot;apache helicopter&quot; |" time="0">
    <skipped/>
  </testcase>
  <testcase name="Then An error is shown" classname="| &quot;apache helicopter&quot; |" time="0">
    <skipped/>
  </testcase>
  <testcase name="Given a patient with the social security number &quot;93051822361&quot;, gender &quot;maleatermeloen&quot; and birthdate &quot;1993-05-18&quot;" classname="| &quot;maleatermeloen&quot; |" time="0.001">
    <error message="No enum constant org.ucll.demo.domain.Gender.MALEATERMELOEN" type="java.lang.IllegalArgumentException">java.lang.IllegalArgumentException: No enum constant org.ucll.demo.domain.Gender.MALEATERMELOEN
</error>
  </testcase>
  <testcase name="| &quot;maleatermeloen&quot; |" classname="| &quot;maleatermeloen&quot; |" time="0.001">
    <error message="No enum constant org.ucll.demo.domain.Gender.MALEATERMELOEN" type="java.lang.IllegalArgumentException">java.lang.IllegalArgumentException: No enum constant org.ucll.demo.domain.Gender.MALEATERMELOEN
</error>
  </testcase>
  <testcase name="And on &quot;2000-04-10&quot; the patient had a length of 160 cm and a weight of 65000 gr" classname="| &quot;maleatermeloen&quot; |" time="0">
    <skipped/>
  </testcase>
  <testcase name="When I add the person to the system" classname="| &quot;maleatermeloen&quot; |" time="0">
    <skipped/>
  </testcase>
  <testcase name="Then An error is shown" classname="| &quot;maleatermeloen&quot; |" time="0">
    <skipped/>
  </testcase>
  <testcase name="Given a patient with the social security number &quot;&quot;, gender &quot;male&quot; and birthdate &quot;1993-05-18&quot;" classname="| &quot;&quot; |" time="0"/>
  <testcase name="And on &quot;2000-04-10&quot; the patient had a length of 160 cm and a weight of 65000 gr" classname="| &quot;&quot; |" time="0"/>
  <testcase name="When I add the person to the system" classname="| &quot;&quot; |" time="0">
    <skipped/>
  </testcase>
  <testcase name="Then An error is shown" classname="| &quot;&quot; |" time="0">
    <skipped/>
  </testcase>
  <testcase name="| &quot;&quot; |" classname="| &quot;&quot; |" time="0">
    <skipped/>
  </testcase>
  <testcase name="| &quot;&quot; |" classname="| &quot;&quot; |" time="0.002"/>
  <testcase name="Given a patient with the social security number &quot;h7fwhcewhce&quot;, gender &quot;male&quot; and birthdate &quot;1993-05-18&quot;" classname="| &quot;h7fwhcewhce&quot; |" time="0"/>
  <testcase name="And on &quot;2000-04-10&quot; the patient had a length of 160 cm and a weight of 65000 gr" classname="| &quot;h7fwhcewhce&quot; |" time="0"/>
  <testcase name="When I add the person to the system" classname="| &quot;h7fwhcewhce&quot; |" time="0">
    <skipped/>
  </testcase>
  <testcase name="Then An error is shown" classname="| &quot;h7fwhcewhce&quot; |" time="0">
    <skipped/>
  </testcase>
  <testcase name="| &quot;h7fwhcewhce&quot; |" classname="| &quot;h7fwhcewhce&quot; |" time="0">
    <skipped/>
  </testcase>
  <testcase name="| &quot;h7fwhcewhce&quot; |" classname="| &quot;h7fwhcewhce&quot; |" time="0.002"/>
  <testcase name="Given a patient with the social security number &quot;watermeloen&quot;, gender &quot;male&quot; and birthdate &quot;1993-05-18&quot;" classname="| &quot;watermeloen&quot; |" time="0"/>
  <testcase name="And on &quot;2000-04-10&quot; the patient had a length of 160 cm and a weight of 65000 gr" classname="| &quot;watermeloen&quot; |" time="0"/>
  <testcase name="When I add the person to the system" classname="| &quot;watermeloen&quot; |" time="0">
    <skipped/>
  </testcase>
  <testcase name="Then An error is shown" classname="| &quot;watermeloen&quot; |" time="0">
    <skipped/>
  </testcase>
  <testcase name="| &quot;watermeloen&quot; |" classname="| &quot;watermeloen&quot; |" time="0">
    <skipped/>
  </testcase>
  <testcase name="| &quot;watermeloen&quot; |" classname="| &quot;watermeloen&quot; |" time="0.002"/>
  <testcase name="Given a registered patient with the social security number &quot;93051822361&quot;, gender &quot;male&quot; and birthdate &quot;1993-05-18&quot;" classname="Scenario: registering a new person with a social security number already existing gives an error message" time="0">
    <skipped/>
  </testcase>
  <testcase name="And on &quot;2000-04-10&quot; the patient had a length of 160 cm and a weight of 65000 gr" classname="Scenario: registering a new person with a social security number already existing gives an error message" time="0">
    <skipped/>
  </testcase>
  <testcase name="And a patient with the social security number &quot;93051822361&quot;, gender &quot;male&quot; and birthdate &quot;1993-05-18&quot;" classname="Scenario: registering a new person with a social security number already existing gives an error message" time="0">
    <skipped/>
  </testcase>
  <testcase name="And on &quot;2000-04-10&quot; the patient had a length of 180 cm and a weight of 70000 gr" classname="Scenario: registering a new person with a social security number already existing gives an error message" time="0">
    <skipped/>
  </testcase>
  <testcase name="When I add the unregistered person to the system" classname="Scenario: registering a new person with a social security number already existing gives an error message" time="0">
    <skipped/>
  </testcase>
  <testcase name="Then An error is shown" classname="Scenario: registering a new person with a social security number already existing gives an error message" time="0">
    <skipped/>
  </testcase>
  <testcase name="Scenario: registering a new person with a social security number already existing gives an error message" classname="Scenario: registering a new person with a social security number already existing gives an error message" time="0">
    <skipped/>
  </testcase>
  <testcase name="Scenario: registering a new person with a social security number already existing gives an error message" classname="Scenario: registering a new person with a social security number already existing gives an error message" time="0.009"/>
  <testcase name="Given a patient with the social security number &quot;93051822361&quot;, gender &quot;male&quot; and &quot;0000-00-00&quot;" classname="| &quot;0000-00-00&quot; |" time="0">
    <skipped/>
  </testcase>
  <testcase name="And on &quot;2000-04-10&quot; the patient had a length of 160 cm and a weight of 65000 gr" classname="| &quot;0000-00-00&quot; |" time="0">
    <skipped/>
  </testcase>
  <testcase name="When I add the person to the system" classname="| &quot;0000-00-00&quot; |" time="0">
    <skipped/>
  </testcase>
  <testcase name="When I add the person to the system" classname="| &quot;0000-00-00&quot; |" time="0">
    <skipped/>
  </testcase>
  <testcase name="Then An error is shown" classname="| &quot;0000-00-00&quot; |" time="0">
    <skipped/>
  </testcase>
  <testcase name="Then An error is shown" classname="| &quot;0000-00-00&quot; |" time="0">
    <skipped/>
  </testcase>
  <testcase name="| &quot;0000-00-00&quot; |" classname="| &quot;0000-00-00&quot; |" time="0">
    <skipped/>
  </testcase>
  <testcase name="| &quot;0000-00-00&quot; |" classname="| &quot;0000-00-00&quot; |" time="0.003"/>
  <testcase name="| &quot;0000-00-00&quot; |" classname="| &quot;0000-00-00&quot; |" time="0.001">
    <error message="Couldn&apos;t convert &quot;0000-00-00&quot; to an instance of: [class java.util.Date]&#10;---- Debugging information ----&#10;-------------------------------" type="cucumber.deps.com.thoughtworks.xstream.converters.ConversionException">cucumber.deps.com.thoughtworks.xstream.converters.ConversionException: 
Couldn't convert "0000-00-00" to an instance of: [class java.util.Date]
---- Debugging information ----
-------------------------------
</error>
  </testcase>
  <testcase name="Given a patient with the social security number &quot;93051822361&quot;, gender &quot;male&quot; and &quot;2025-10-10&quot;" classname="| &quot;2025-10-10&quot; |" time="0">
    <skipped/>
  </testcase>
  <testcase name="And on &quot;2000-04-10&quot; the patient had a length of 160 cm and a weight of 65000 gr" classname="| &quot;2025-10-10&quot; |" time="0">
    <skipped/>
  </testcase>
  <testcase name="When I add the person to the system" classname="| &quot;2025-10-10&quot; |" time="0">
    <skipped/>
  </testcase>
  <testcase name="When I add the person to the system" classname="| &quot;2025-10-10&quot; |" time="0">
    <skipped/>
  </testcase>
  <testcase name="Then An error is shown" classname="| &quot;2025-10-10&quot; |" time="0">
    <skipped/>
  </testcase>
  <testcase name="Then An error is shown" classname="| &quot;2025-10-10&quot; |" time="0">
    <skipped/>
  </testcase>
  <testcase name="| &quot;2025-10-10&quot; |" classname="| &quot;2025-10-10&quot; |" time="0">
    <skipped/>
  </testcase>
  <testcase name="| &quot;2025-10-10&quot; |" classname="| &quot;2025-10-10&quot; |" time="0.003"/>
  <testcase name="| &quot;2025-10-10&quot; |" classname="| &quot;2025-10-10&quot; |" time="0">
    <skipped/>
  </testcase>
  <testcase name="| &quot;2025-10-10&quot; |" classname="| &quot;2025-10-10&quot; |" time="0.001"/>
  <testcase name="Given a patient with the social security number &quot;93051822361&quot;, gender &quot;male&quot; and birthdate &quot;1993-05-18&quot;" classname="| &quot;0000-00-00&quot; |" time="0.001"/>
  <testcase name="And on &quot;0000-00-00&quot; the patient had a length of 160 cm and a weight of 65000 gr" classname="| &quot;0000-00-00&quot; |" time="0">
    <error message="Couldn&apos;t convert &quot;0000-00-00&quot; to an instance of: [class java.util.Date]&#10;---- Debugging information ----&#10;-------------------------------" type="cucumber.deps.com.thoughtworks.xstream.converters.ConversionException">cucumber.deps.com.thoughtworks.xstream.converters.ConversionException: 
Couldn't convert "0000-00-00" to an instance of: [class java.util.Date]
---- Debugging information ----
-------------------------------
</error>
  </testcase>
  <testcase name="Given a patient with the social security number &quot;93051822361&quot;, gender &quot;male&quot; and birthdate &quot;1993-05-18&quot;" classname="| &quot;2025-10-10&quot; |" time="0"/>
  <testcase name="And on &quot;2025-10-10&quot; the patient had a length of 160 cm and a weight of 65000 gr" classname="| &quot;2025-10-10&quot; |" time="0"/>
</testsuite>