<?xml version="1.0" encoding="UTF-8"?>
<testsuite xmlns:xsi="http://www.w3.org/2001/XMLSchema-instance" xsi:schemaLocation="https://maven.apache.org/surefire/maven-surefire-plugin/xsd/surefire-test-report.xsd" name="org.ucll.demo.service.ShowPatientDetailsTest" time="0.08" tests="36" errors="0" skipped="12" failures="0">
  <properties>
[...]
</properties>
  <testcase name="Given a patient with the social security number &quot;93051822361&quot;, gender &quot;male&quot; and birthdate &quot;1993-05-18&quot;" classname="Scenario: the personal details of a registered patient are given" time="0"/>
  <testcase name="And on &quot;2000-04-10&quot; the patient had a length of 180 cm and a weight of 75000 gr" classname="Scenario: the personal details of a registered patient are given" time="0.001"/>
  <testcase name="And the patient is registered" classname="Scenario: the personal details of a registered patient are given" time="0"/>
  <testcase name="When I ask for the details of the patient using his social security number" classname="Scenario: the personal details of a registered patient are given" time="0"/>
  <testcase name="Then the personal details social security number, gender and birthdate are given" classname="Scenario: the personal details of a registered patient are given" time="0"/>
  <testcase name="And the examination details length, weight and last examination date are given" classname="Scenario: the personal details of a registered patient are given" time="0"/>
  <testcase name="And the calculated bmi 23.15 is given" classname="Scenario: the personal details of a registered patient are given" time="0"/>
  <testcase name="Scenario: the personal details of a registered patient are given" classname="Scenario: the personal details of a registered patient are given" time="0"/>
  <testcase name="Given a patient with the social security number &quot;93051822361&quot;" classname="Scenario: the physical data of the most recent examination are given" time="0"/>
  <testcase name="And on &quot;2000-04-17&quot; the patient had a length of 180 cm and a weight of 80000 gr" classname="Scenario: the physical data of the most recent examination are given" time="0"/>
  <testcase name="And the patient is registered" classname="Scenario: the physical data of the most recent examination are given" time="0"/>
  <testcase name="And on &quot;2000-04-10&quot; the patient had a length of 180 cm and a weight of 75000 gr but these data were added later" classname="Scenario: the physical data of the most recent examination are given" time="0"/>
  <testcase name="When I ask for the details of the patient using his social security number" classname="Scenario: the physical data of the most recent examination are given" time="0"/>
  <testcase name="Then the length 180, weight 80000, and date of the examination &quot;2000-04-17&quot; are given" classname="Scenario: the physical data of the most recent examination are given" time="0"/>
  <testcase name="And the calculated bmi 24.69 is based on these data" classname="Scenario: the physical data of the most recent examination are given" time="0"/>
  <testcase name="Scenario: the physical data of the most recent examination are given" classname="Scenario: the physical data of the most recent examination are given" time="0.001"/>
  <testcase name="Given a patient that is not registered" classname="Scenario: an error message is given if the patient cannot be found" time="0"/>
  <testcase name="When I ask for the details of the patient using his social security number" classname="Scenario: an error message is given if the patient cannot be found" time="0"/>
  <testcase name="Then an error message is given" classname="Scenario: an error message is given if the patient cannot be found" time="0"/>
  <testcase name="And no details are given" classname="Scenario: an error message is given if the patient cannot be found" time="0"/>
  <testcase name="Scenario: an error message is given if the patient cannot be found" classname="Scenario: an error message is given if the patient cannot be found" time="0"/>
  <testcase name="Given a patient that is registered with a length 160 cm and weight 65000 gr on date &quot;2000-04-17&quot;" classname="| 160 | 65000 | &quot;2000-04-17&quot; | 25.39 |" time="0">
    <skipped/>
  </testcase>
  <testcase name="When I ask for the details of the patient" classname="| 160 | 65000 | &quot;2000-04-17&quot; | 25.39 |" time="0">
    <skipped/>
  </testcase>
  <testcase name="Then the bmi 25.39 is given rounded to two digits" classname="| 160 | 65000 | &quot;2000-04-17&quot; | 25.39 |" time="0">
    <skipped/>
  </testcase>
  <testcase name="| 160 | 65000 | &quot;2000-04-17&quot; | 25.39 |" classname="| 160 | 65000 | &quot;2000-04-17&quot; | 25.39 |" time="0">
    <skipped/>
  </testcase>
  <testcase name="| 160 | 65000 | &quot;2000-04-17&quot; | 25.39 |" classname="| 160 | 65000 | &quot;2000-04-17&quot; | 25.39 |" time="0.002"/>
  <testcase name="Given a patient that is registered with a length 160 cm and weight 65009 gr on date &quot;2000-04-18&quot;" classname="| 160 | 65009 | &quot;2000-04-18&quot; | 25.39 |" time="0">
    <skipped/>
  </testcase>
  <testcase name="When I ask for the details of the patient" classname="| 160 | 65009 | &quot;2000-04-18&quot; | 25.39 |" time="0">
    <skipped/>
  </testcase>
  <testcase name="Then the bmi 25.39 is given rounded to two digits" classname="| 160 | 65009 | &quot;2000-04-18&quot; | 25.39 |" time="0">
    <skipped/>
  </testcase>
  <testcase name="| 160 | 65009 | &quot;2000-04-18&quot; | 25.39 |" classname="| 160 | 65009 | &quot;2000-04-18&quot; | 25.39 |" time="0">
    <skipped/>
  </testcase>
  <testcase name="| 160 | 65009 | &quot;2000-04-18&quot; | 25.39 |" classname="| 160 | 65009 | &quot;2000-04-18&quot; | 25.39 |" time="0.003"/>
  <testcase name="Given a patient that is registered with a length 180 cm and weight 75009 gr on date &quot;2000-04-19&quot;" classname="| 180 | 75009 | &quot;2000-04-19&quot; | 23.15 |" time="0">
    <skipped/>
  </testcase>
  <testcase name="When I ask for the details of the patient" classname="| 180 | 75009 | &quot;2000-04-19&quot; | 23.15 |" time="0">
    <skipped/>
  </testcase>
  <testcase name="Then the bmi 23.15 is given rounded to two digits" classname="| 180 | 75009 | &quot;2000-04-19&quot; | 23.15 |" time="0">
    <skipped/>
  </testcase>
  <testcase name="| 180 | 75009 | &quot;2000-04-19&quot; | 23.15 |" classname="| 180 | 75009 | &quot;2000-04-19&quot; | 23.15 |" time="0">
    <skipped/>
  </testcase>
  <testcase name="| 180 | 75009 | &quot;2000-04-19&quot; | 23.15 |" classname="| 180 | 75009 | &quot;2000-04-19&quot; | 23.15 |" time="0.003"/>
</testsuite>